<?xml version="1.0" encoding="UTF-8"?>
<!-- Generated by org.testng.reporters.JUnitReportReporter -->
<testsuite hostname="Mannem" failures="0" tests="3" name="practiceselenium4.SampleTestngExample" time="0.015" errors="0" timestamp="2025-03-30T08:52:16 IST" skipped="0">
  <testcase classname="practiceselenium4.SampleTestngExample" name="Test1" time="0.012"/>
  <testcase classname="practiceselenium4.SampleTestngExample" name="Test2" time="0.001"/>
  <testcase classname="practiceselenium4.SampleTestngExample" name="Test3" time="0.002"/>
</testsuite> <!-- practiceselenium4.SampleTestngExample -->
