<?xml version="1.0" encoding="UTF-8"?>
<!-- Generated by org.testng.reporters.JUnitReportReporter -->
<testsuite hostname="Mannem" failures="0" tests="3" name="practiceselenium4.ParallelvsSequentialTest" time="13.483" errors="0" timestamp="2025-03-31T09:25:47 IST" skipped="0">
  <testcase classname="practiceselenium4.ParallelvsSequentialTest" name="Login" time="3.764"/>
  <testcase classname="practiceselenium4.ParallelvsSequentialTest" name="Login" time="4.886"/>
  <testcase classname="practiceselenium4.ParallelvsSequentialTest" name="Login" time="4.833"/>
</testsuite> <!-- practiceselenium4.ParallelvsSequentialTest -->
